# JRE version: OpenJDK Runtime Environment (17.0.7) (build 17.0.7+0-b2043.56-10550314)
# Java VM: OpenJDK 64-Bit Server VM (17.0.7+0-b2043.56-10550314, mixed mode, tiered, compressed oops, compressed class ptrs, g1 gc, windows-amd64)
GC Precious Log:
 CPUs: 8 total, 8 available
 Memory: 14263M
 Large Page Support: Disabled
 NUMA Support: Disabled
 Compressed Oops: Enabled (Zero based)
 Heap Region Size: 2M
 Heap Min Capacity: 8M
 Heap Initial Capacity: 224M
 Heap Max Capacity: 4G
 Pre-touch: Disabled
 Parallel Workers: 8
 Concurrent Workers: 2
 Concurrent Refinement Workers: 8
 Periodic GC: Disabled
Heap:
 garbage-first heap   total 598016K, used 248640K [0x0000000700000000, 0x0000000800000000)
  region size 2048K, 1 young (2048K), 1 survivors (2048K)
 Metaspace       used 216949K, committed 218496K, reserved 1245184K
  class space    used 27966K, committed 28672K, reserved 1048576K
GC Heap History (20 events):
Event: 170.775 GC heap after
{Heap after GC invocations=138 (full 0):
 garbage-first heap   total 1286144K, used 504709K [0x0000000700000000, 0x0000000800000000)
  region size 2048K, 7 young (14336K), 7 survivors (14336K)
 Metaspace       used 174053K, committed 175360K, reserved 1245184K
  class space    used 22559K, committed 23168K, reserved 1048576K
}
Event: 321.974 GC heap before
{Heap before GC invocations=139 (full 0):
 garbage-first heap   total 1286144K, used 1241989K [0x0000000700000000, 0x0000000800000000)
  region size 2048K, 151 young (309248K), 7 survivors (14336K)
 Metaspace       used 215421K, committed 216832K, reserved 1245184K
  class space    used 27812K, committed 28480K, reserved 1048576K
}
Event: 321.990 GC heap after
{Heap after GC invocations=140 (full 0):
 garbage-first heap   total 1286144K, used 417592K [0x0000000700000000, 0x0000000800000000)
  region size 2048K, 11 young (22528K), 11 survivors (22528K)
 Metaspace       used 215421K, committed 216832K, reserved 1245184K
  class space    used 27812K, committed 28480K, reserved 1048576K
}
Event: 2153.673 GC heap before
{Heap before GC invocations=140 (full 0):
 garbage-first heap   total 1286144K, used 456504K [0x0000000700000000, 0x0000000800000000)
  region size 2048K, 31 young (63488K), 11 survivors (22528K)
 Metaspace       used 215577K, committed 217024K, reserved 1245184K
  class space    used 27819K, committed 28480K, reserved 1048576K
}
Event: 2153.685 GC heap after
{Heap after GC invocations=141 (full 0):
 garbage-first heap   total 1286144K, used 355046K [0x0000000700000000, 0x0000000800000000)
  region size 2048K, 2 young (4096K), 2 survivors (4096K)
 Metaspace       used 215577K, committed 217024K, reserved 1245184K
  class space    used 27819K, committed 28480K, reserved 1048576K
}
Event: 3771.307 GC heap before
{Heap before GC invocations=141 (full 0):
 garbage-first heap   total 1286144K, used 387814K [0x0000000700000000, 0x0000000800000000)
  region size 2048K, 19 young (38912K), 2 survivors (4096K)
 Metaspace       used 215600K, committed 217024K, reserved 1245184K
  class space    used 27819K, committed 28480K, reserved 1048576K
}
Event: 3771.462 GC heap after
{Heap after GC invocations=142 (full 1):
 garbage-first heap   total 561152K, used 158749K [0x0000000700000000, 0x0000000800000000)
  region size 2048K, 0 young (0K), 0 survivors (0K)
 Metaspace       used 215598K, committed 217024K, reserved 1245184K
  class space    used 27819K, committed 28480K, reserved 1048576K
}
Event: 4734.216 GC heap before
{Heap before GC invocations=142 (full 1):
 garbage-first heap   total 598016K, used 515101K [0x0000000700000000, 0x0000000800000000)
  region size 2048K, 139 young (284672K), 0 survivors (0K)
 Metaspace       used 216855K, committed 218432K, reserved 1245184K
  class space    used 27955K, committed 28672K, reserved 1048576K
}
Event: 4734.236 GC heap after
{Heap after GC invocations=143 (full 1):
 garbage-first heap   total 598016K, used 257257K [0x0000000700000000, 0x0000000800000000)
  region size 2048K, 13 young (26624K), 13 survivors (26624K)
 Metaspace       used 216855K, committed 218432K, reserved 1245184K
  class space    used 27955K, committed 28672K, reserved 1048576K
}
Event: 4735.179 GC heap before
{Heap before GC invocations=143 (full 1):
 garbage-first heap   total 598016K, used 314601K [0x0000000700000000, 0x0000000800000000)
  region size 2048K, 30 young (61440K), 13 survivors (26624K)
 Metaspace       used 216949K, committed 218496K, reserved 1245184K
  class space    used 27966K, committed 28672K, reserved 1048576K
}
Event: 4735.192 GC heap after
{Heap after GC invocations=144 (full 1):
 garbage-first heap   total 598016K, used 245406K [0x0000000700000000, 0x0000000800000000)
  region size 2048K, 3 young (6144K), 3 survivors (6144K)
 Metaspace       used 216949K, committed 218496K, reserved 1245184K
  class space    used 27966K, committed 28672K, reserved 1048576K
}
Event: 4735.199 GC heap before
{Heap before GC invocations=144 (full 1):
 garbage-first heap   total 598016K, used 261790K [0x0000000700000000, 0x0000000800000000)
  region size 2048K, 4 young (8192K), 3 survivors (6144K)
 Metaspace       used 216949K, committed 218496K, reserved 1245184K
  class space    used 27966K, committed 28672K, reserved 1048576K
}
Event: 4735.202 GC heap after
{Heap after GC invocations=145 (full 1):
 garbage-first heap   total 598016K, used 246940K [0x0000000700000000, 0x0000000800000000)
  region size 2048K, 1 young (2048K), 1 survivors (2048K)
 Metaspace       used 216949K, committed 218496K, reserved 1245184K
  class space    used 27966K, committed 28672K, reserved 1048576K
}
Event: 4735.207 GC heap before
{Heap before GC invocations=145 (full 1):
 garbage-first heap   total 598016K, used 259228K [0x0000000700000000, 0x0000000800000000)
  region size 2048K, 2 young (4096K), 1 survivors (2048K)
 Metaspace       used 216949K, committed 218496K, reserved 1245184K
  class space    used 27966K, committed 28672K, reserved 1048576K
}
Event: 4735.210 GC heap after
{Heap after GC invocations=146 (full 1):
 garbage-first heap   total 598016K, used 246807K [0x0000000700000000, 0x0000000800000000)
  region size 2048K, 1 young (2048K), 1 survivors (2048K)
 Metaspace       used 216949K, committed 218496K, reserved 1245184K
  class space    used 27966K, committed 28672K, reserved 1048576K
}
Event: 4735.214 GC heap before
{Heap before GC invocations=146 (full 1):
 garbage-first heap   total 598016K, used 259095K [0x0000000700000000, 0x0000000800000000)
  region size 2048K, 2 young (4096K), 1 survivors (2048K)
 Metaspace       used 216949K, committed 218496K, reserved 1245184K
  class space    used 27966K, committed 28672K, reserved 1048576K
}
Event: 4735.218 GC heap after
{Heap after GC invocations=147 (full 1):
 garbage-first heap   total 598016K, used 246646K [0x0000000700000000, 0x0000000800000000)
  region size 2048K, 1 young (2048K), 1 survivors (2048K)
 Metaspace       used 216949K, committed 218496K, reserved 1245184K
  class space    used 27966K, committed 28672K, reserved 1048576K
}
Event: 4735.222 GC heap before
{Heap before GC invocations=147 (full 1):
 garbage-first heap   total 598016K, used 258934K [0x0000000700000000, 0x0000000800000000)
  region size 2048K, 2 young (4096K), 1 survivors (2048K)
 Metaspace       used 216949K, committed 218496K, reserved 1245184K
  class space    used 27966K, committed 28672K, reserved 1048576K
}
Event: 4735.225 GC heap after
{Heap after GC invocations=148 (full 1):
 garbage-first heap   total 598016K, used 248632K [0x0000000700000000, 0x0000000800000000)
  region size 2048K, 1 young (2048K), 1 survivors (2048K)
 Metaspace       used 216949K, committed 218496K, reserved 1245184K
  class space    used 27966K, committed 28672K, reserved 1048576K
}
Event: 4735.229 GC heap before
{Heap before GC invocations=148 (full 1):
 garbage-first heap   total 598016K, used 258872K [0x0000000700000000, 0x0000000800000000)
  region size 2048K, 2 young (4096K), 1 survivors (2048K)
 Metaspace       used 216949K, committed 218496K, reserved 1245184K
  class space    used 27966K, committed 28672K, reserved 1048576K
}

